
                           Design Compiler Graphical 
                                 DC Ultra (TM)
                                  DFTMAX (TM)
                              Power Compiler (TM)
                                 DesignWare (R)
                                 DC Expert (TM)
                               Design Vision (TM)
                               HDL Compiler (TM)
                               VHDL Compiler (TM)
                                  DFT Compiler
                               Design Compiler(R)

               Version N-2017.09-SP3 for linux64 - Jan 18, 2018 

                    Copyright (c) 1988 - 2018 Synopsys, Inc.
   This software and the associated documentation are proprietary to Synopsys,
 Inc. This software may only be used in accordance with the terms and conditions
 of a written license agreement with Synopsys, Inc. All other use, reproduction,
            or distribution of this software is strictly prohibited.
Initializing...
Initializing gui preferences from file  /home/under_ksh/.synopsys_dv_prefs.tcl
set_host_options -max_cores 16 
1
set top_module "lxp32c_top"
lxp32c_top
set search_path [list .]
.
# 라이브러리 아래경로 맞게 설정
set project_dir [ sh pwd ] 
/home/under_ksh/lxp32_project/dc
set rtl_dir $project_dir/rtl
/home/under_ksh/lxp32_project/dc/rtl
define_design_lib work -path work
1
# 해당되는 verilog file 추가
set SOURCE_FILES [ glob -directory $rtl_dir *.vhd ]
/home/under_ksh/lxp32_project/dc/rtl/lxp32_alu.vhd /home/under_ksh/lxp32_project/dc/rtl/lxp32_sram.vhd /home/under_ksh/lxp32_project/dc/rtl/lxp32_mul16x16.vhd /home/under_ksh/lxp32_project/dc/rtl/lxp32_ubuf.vhd /home/under_ksh/lxp32_project/dc/rtl/lxp32_cpu.vhd /home/under_ksh/lxp32_project/dc/rtl/lxp32_mul_dsp.vhd /home/under_ksh/lxp32_project/dc/rtl/lxp32_scratchpad.vhd /home/under_ksh/lxp32_project/dc/rtl/lxp32_ram256x32.vhd /home/under_ksh/lxp32_project/dc/rtl/lxp32_decode.vhd /home/under_ksh/lxp32_project/dc/rtl/lxp32_shifter.vhd /home/under_ksh/lxp32_project/dc/rtl/lxp32_fetch.vhd /home/under_ksh/lxp32_project/dc/rtl/lxp32_mul_seq.vhd /home/under_ksh/lxp32_project/dc/rtl/lxp32_compl.vhd /home/under_ksh/lxp32_project/dc/rtl/lxp32_dbus.vhd /home/under_ksh/lxp32_project/dc/rtl/lxp32_execute.vhd /home/under_ksh/lxp32_project/dc/rtl/lxp32_mul_opt.vhd /home/under_ksh/lxp32_project/dc/rtl/lxp32_divider.vhd /home/under_ksh/lxp32_project/dc/rtl/lxp32_interrupt_mux.vhd /home/under_ksh/lxp32_project/dc/rtl/lxp32c_top.vhd /home/under_ksh/lxp32_project/dc/rtl/lxp32_icache.vhd
set sram $rtl_dir/saed32sram.v
/home/under_ksh/lxp32_project/dc/rtl/saed32sram.v
# read verilog files and synthesis
analyze -f verilog $sram -lib work
Running PRESTO HDLC
Compiling source file /home/under_ksh/lxp32_project/dc/rtl/saed32sram.v
Warning:  /home/under_ksh/lxp32_project/dc/rtl/saed32sram.v:103: the undeclared symbol 'RE1' assumed to have the default net type, which is 'wire'. (VER-936)
Warning:  /home/under_ksh/lxp32_project/dc/rtl/saed32sram.v:104: the undeclared symbol 'WE1' assumed to have the default net type, which is 'wire'. (VER-936)
Warning:  /home/under_ksh/lxp32_project/dc/rtl/saed32sram.v:105: the undeclared symbol 'RE2' assumed to have the default net type, which is 'wire'. (VER-936)
Warning:  /home/under_ksh/lxp32_project/dc/rtl/saed32sram.v:106: the undeclared symbol 'WE2' assumed to have the default net type, which is 'wire'. (VER-936)
Error:  /home/under_ksh/lxp32_project/dc/rtl/saed32sram.v:112: case equality (===) is not supported by synthesis. (VER-189)
*** Presto compilation terminated with 1 errors. ***
Loading db file '/home/espanol/libraries/PDKS/SAED32_EDK_12162019/lib/sram/db_nldm/saed32sram_ss0p95v125c.db'
Loading db file '/home/espanol/libraries/PDKS/SAED32_EDK_12162019/lib/stdcell_hvt/db_nldm/saed32hvt_ss0p95v125c.db'
Loading db file '/home/espanol/libraries/PDKS/SAED32_EDK_12162019/lib/pll/db_nldm/saed32pll_ss0p95v125c_2p25v.db'
Loading db file '/home/espanol/libraries/PDKS/SAED32_EDK_12162019/lib/io_std/db_nldm/saed32io_fc_ss0p95v125c_2p25v.db'
Loading db file '/usr/synopsys/SYN/libraries/syn/dw_foundation.sldb'
0
analyze -format vhdl $SOURCE_FILES -library work
Running PRESTO HDLC
-- Compiling Source File /home/under_ksh/lxp32_project/dc/rtl/lxp32_alu.vhd
Compiling Entity Declaration LXP32_ALU
Compiling Architecture RTL of LXP32_ALU
Warning:  /home/under_ksh/lxp32_project/dc/rtl/lxp32_alu.vhd:52: The architecture rtl has already been analyzed. It is being replaced. (VHD-4)
-- Compiling Source File /home/under_ksh/lxp32_project/dc/rtl/lxp32_sram.vhd
Compiling Entity Declaration LXP32_RAM128X32
Compiling Architecture RTL of LXP32_RAM128X32
Warning:  /home/under_ksh/lxp32_project/dc/rtl/lxp32_sram.vhd:28: The architecture rtl has already been analyzed. It is being replaced. (VHD-4)
-- Compiling Source File /home/under_ksh/lxp32_project/dc/rtl/lxp32_mul16x16.vhd
Compiling Entity Declaration LXP32_MUL16X16
Compiling Architecture RTL of LXP32_MUL16X16
Warning:  /home/under_ksh/lxp32_project/dc/rtl/lxp32_mul16x16.vhd:25: The architecture rtl has already been analyzed. It is being replaced. (VHD-4)
-- Compiling Source File /home/under_ksh/lxp32_project/dc/rtl/lxp32_ubuf.vhd
Compiling Entity Declaration LXP32_UBUF
Compiling Architecture RTL of LXP32_UBUF
Warning:  /home/under_ksh/lxp32_project/dc/rtl/lxp32_ubuf.vhd:33: The architecture rtl has already been analyzed. It is being replaced. (VHD-4)
-- Compiling Source File /home/under_ksh/lxp32_project/dc/rtl/lxp32_cpu.vhd
Compiling Entity Declaration LXP32_CPU
Compiling Architecture RTL of LXP32_CPU
Warning:  /home/under_ksh/lxp32_project/dc/rtl/lxp32_cpu.vhd:41: The architecture rtl has already been analyzed. It is being replaced. (VHD-4)
-- Compiling Source File /home/under_ksh/lxp32_project/dc/rtl/lxp32_mul_dsp.vhd
Compiling Entity Declaration LXP32_MUL_DSP
Compiling Architecture RTL of LXP32_MUL_DSP
Warning:  /home/under_ksh/lxp32_project/dc/rtl/lxp32_mul_dsp.vhd:29: The architecture rtl has already been analyzed. It is being replaced. (VHD-4)
-- Compiling Source File /home/under_ksh/lxp32_project/dc/rtl/lxp32_scratchpad.vhd
Compiling Entity Declaration LXP32_SCRATCHPAD
Compiling Architecture RTL of LXP32_SCRATCHPAD
Warning:  /home/under_ksh/lxp32_project/dc/rtl/lxp32_scratchpad.vhd:30: The architecture rtl has already been analyzed. It is being replaced. (VHD-4)
-- Compiling Source File /home/under_ksh/lxp32_project/dc/rtl/lxp32_ram256x32.vhd
Compiling Entity Declaration LXP32_RAM256X32
Compiling Architecture RTL of LXP32_RAM256X32
Warning:  /home/under_ksh/lxp32_project/dc/rtl/lxp32_ram256x32.vhd:32: The architecture rtl has already been analyzed. It is being replaced. (VHD-4)
-- Compiling Source File /home/under_ksh/lxp32_project/dc/rtl/lxp32_decode.vhd
Compiling Entity Declaration LXP32_DECODE
Compiling Architecture RTL of LXP32_DECODE
Warning:  /home/under_ksh/lxp32_project/dc/rtl/lxp32_decode.vhd:65: The architecture rtl has already been analyzed. It is being replaced. (VHD-4)
-- Compiling Source File /home/under_ksh/lxp32_project/dc/rtl/lxp32_shifter.vhd
Compiling Entity Declaration LXP32_SHIFTER
Compiling Architecture RTL of LXP32_SHIFTER
Warning:  /home/under_ksh/lxp32_project/dc/rtl/lxp32_shifter.vhd:29: The architecture rtl has already been analyzed. It is being replaced. (VHD-4)
-- Compiling Source File /home/under_ksh/lxp32_project/dc/rtl/lxp32_fetch.vhd
Compiling Entity Declaration LXP32_FETCH
Compiling Architecture RTL of LXP32_FETCH
Warning:  /home/under_ksh/lxp32_project/dc/rtl/lxp32_fetch.vhd:40: The architecture rtl has already been analyzed. It is being replaced. (VHD-4)
-- Compiling Source File /home/under_ksh/lxp32_project/dc/rtl/lxp32_mul_seq.vhd
Compiling Entity Declaration LXP32_MUL_SEQ
Compiling Architecture RTL of LXP32_MUL_SEQ
Warning:  /home/under_ksh/lxp32_project/dc/rtl/lxp32_mul_seq.vhd:28: The architecture rtl has already been analyzed. It is being replaced. (VHD-4)
-- Compiling Source File /home/under_ksh/lxp32_project/dc/rtl/lxp32_compl.vhd
Compiling Entity Declaration LXP32_COMPL
Compiling Architecture RTL of LXP32_COMPL
Warning:  /home/under_ksh/lxp32_project/dc/rtl/lxp32_compl.vhd:25: The architecture rtl has already been analyzed. It is being replaced. (VHD-4)
-- Compiling Source File /home/under_ksh/lxp32_project/dc/rtl/lxp32_dbus.vhd
Compiling Entity Declaration LXP32_DBUS
Compiling Architecture RTL of LXP32_DBUS
Warning:  /home/under_ksh/lxp32_project/dc/rtl/lxp32_dbus.vhd:47: The architecture rtl has already been analyzed. It is being replaced. (VHD-4)
-- Compiling Source File /home/under_ksh/lxp32_project/dc/rtl/lxp32_execute.vhd
Compiling Entity Declaration LXP32_EXECUTE
Compiling Architecture RTL of LXP32_EXECUTE
Warning:  /home/under_ksh/lxp32_project/dc/rtl/lxp32_execute.vhd:72: The architecture rtl has already been analyzed. It is being replaced. (VHD-4)
-- Compiling Source File /home/under_ksh/lxp32_project/dc/rtl/lxp32_mul_opt.vhd
Compiling Entity Declaration LXP32_MUL_OPT
Compiling Architecture RTL of LXP32_MUL_OPT
Warning:  /home/under_ksh/lxp32_project/dc/rtl/lxp32_mul_opt.vhd:31: The architecture rtl has already been analyzed. It is being replaced. (VHD-4)
-- Compiling Source File /home/under_ksh/lxp32_project/dc/rtl/lxp32_divider.vhd
Compiling Entity Declaration LXP32_DIVIDER
Compiling Architecture RTL of LXP32_DIVIDER
Warning:  /home/under_ksh/lxp32_project/dc/rtl/lxp32_divider.vhd:30: The architecture rtl has already been analyzed. It is being replaced. (VHD-4)
-- Compiling Source File /home/under_ksh/lxp32_project/dc/rtl/lxp32_interrupt_mux.vhd
Compiling Entity Declaration LXP32_INTERRUPT_MUX
Compiling Architecture RTL of LXP32_INTERRUPT_MUX
Warning:  /home/under_ksh/lxp32_project/dc/rtl/lxp32_interrupt_mux.vhd:34: The architecture rtl has already been analyzed. It is being replaced. (VHD-4)
-- Compiling Source File /home/under_ksh/lxp32_project/dc/rtl/lxp32c_top.vhd
Compiling Entity Declaration LXP32C_TOP
Compiling Architecture RTL of LXP32C_TOP
Warning:  /home/under_ksh/lxp32_project/dc/rtl/lxp32c_top.vhd:62: The architecture rtl has already been analyzed. It is being replaced. (VHD-4)
-- Compiling Source File /home/under_ksh/lxp32_project/dc/rtl/lxp32_icache.vhd
Compiling Entity Declaration LXP32_ICACHE
Compiling Architecture RTL of LXP32_ICACHE
Warning:  /home/under_ksh/lxp32_project/dc/rtl/lxp32_icache.vhd:41: The architecture rtl has already been analyzed. It is being replaced. (VHD-4)
[Failure] WORK.RTL/LXP32_ALU is obsolete (used WORK.LXP32_MUL_DSP is more recent)
[Failure] WORK.RTL/LXP32_ALU is obsolete (used WORK.LXP32_MUL_OPT is more recent)
[Failure] WORK.RTL/LXP32_ALU is obsolete (used WORK.LXP32_MUL_SEQ is more recent)
[Failure] WORK.RTL/LXP32_ALU is obsolete (used WORK.LXP32_DIVIDER is more recent)
[Failure] WORK.RTL/LXP32_ALU is obsolete (used WORK.LXP32_SHIFTER is more recent)
Presto compilation completed successfully.
1
# top module name을 elaborate 뒤에 작성
elaborate $top_module
Loading db file '/usr/synopsys/SYN/libraries/syn/gtech.db'
Loading db file '/usr/synopsys/SYN/libraries/syn/standard.sldb'
  Loading link library 'saed32sram_ss0p95v125c'
  Loading link library 'saed32hvt_ss0p95v125c'
  Loading link library 'saed32pll_ss0p95v125c_2p25v'
  Loading link library 'saed32io_fc_ss0p95v125c_2p25v'
  Loading link library 'gtech'
Running PRESTO HDLC
Presto compilation completed successfully.
Elaborated 1 design.
Current design is now 'lxp32c_top'.
Information: Building the design 'lxp32_cpu' instantiated from design 'lxp32c_top' with
	the parameters "DBUS_RMW=1'h0,DIVIDER_EN=1'h1,MUL_ARCH="dsp",START_ADDR=32'h00000000". (HDL-193)
Presto compilation completed successfully.
Information: Building the design 'lxp32_icache' instantiated from design 'lxp32c_top' with
	the parameters "BURST_SIZE=16,PREFETCH_SIZE=32". (HDL-193)
Warning:  /home/under_ksh/lxp32_project/dc/rtl/lxp32_icache.vhd:54: The initial value for signal 'init' is not supported for synthesis. Presto ignores it.  (ELAB-130)
Warning:  /home/under_ksh/lxp32_project/dc/rtl/lxp32_icache.vhd:57: The initial value for signal 'near_miss' is not supported for synthesis. Presto ignores it.  (ELAB-130)
Warning:  /home/under_ksh/lxp32_project/dc/rtl/lxp32_icache.vhd:59: The initial value for signal 'wrap_cnt' is not supported for synthesis. Presto ignores it.  (ELAB-130)
Warning:  /home/under_ksh/lxp32_project/dc/rtl/lxp32_icache.vhd:60: The initial value for signal 'burst_cnt' is not supported for synthesis. Presto ignores it.  (ELAB-130)
Warning:  /home/under_ksh/lxp32_project/dc/rtl/lxp32_icache.vhd:61: The initial value for signal 'wb_stb' is not supported for synthesis. Presto ignores it.  (ELAB-130)
Warning:  /home/under_ksh/lxp32_project/dc/rtl/lxp32_icache.vhd:68: The initial value for signal 'current_base' is not supported for synthesis. Presto ignores it.  (ELAB-130)
Warning:  /home/under_ksh/lxp32_project/dc/rtl/lxp32_icache.vhd:69: The initial value for signal 'current_offset' is not supported for synthesis. Presto ignores it.  (ELAB-130)
Warning:  /home/under_ksh/lxp32_project/dc/rtl/lxp32_icache.vhd:70: The initial value for signal 'prev_base' is not supported for synthesis. Presto ignores it.  (ELAB-130)
Warning:  /home/under_ksh/lxp32_project/dc/rtl/lxp32_icache.vhd:71: The initial value for signal 'next_base' is not supported for synthesis. Presto ignores it.  (ELAB-130)
Warning:  /home/under_ksh/lxp32_project/dc/rtl/lxp32_icache.vhd:72: The initial value for signal 'start_offset' is not supported for synthesis. Presto ignores it.  (ELAB-130)
Warning:  /home/under_ksh/lxp32_project/dc/rtl/lxp32_icache.vhd:76: The initial value for signal 'miss' is not supported for synthesis. Presto ignores it.  (ELAB-130)
Information:  Presto preserved an unloaded net 'dummy_bus[0]'. (ELAB-510)
Information:  Presto preserved an unloaded net 'dummy_bus[1]'. (ELAB-510)
Information:  Presto preserved an unloaded net 'dummy_bus[2]'. (ELAB-510)
Information:  Presto preserved an unloaded net 'dummy_bus[3]'. (ELAB-510)
Information:  Presto preserved an unloaded net 'dummy_bus[4]'. (ELAB-510)
Information:  Presto preserved an unloaded net 'dummy_bus[5]'. (ELAB-510)
Information:  Presto preserved an unloaded net 'dummy_bus[6]'. (ELAB-510)
Information:  Presto preserved an unloaded net 'dummy_bus[7]'. (ELAB-510)
Information:  Presto preserved an unloaded net 'dummy_bus[8]'. (ELAB-510)
Information:  Presto preserved an unloaded net 'dummy_bus[9]'. (ELAB-510)
Information:  Presto preserved an unloaded net 'dummy_bus[10]'. (ELAB-510)
Information:  Presto preserved an unloaded net 'dummy_bus[11]'. (ELAB-510)
Information:  Presto preserved an unloaded net 'dummy_bus[12]'. (ELAB-510)
Information:  Presto preserved an unloaded net 'dummy_bus[13]'. (ELAB-510)
Information:  Presto preserved an unloaded net 'dummy_bus[14]'. (ELAB-510)
Information:  Presto preserved an unloaded net 'dummy_bus[15]'. (ELAB-510)
Information:  Presto preserved an unloaded net 'dummy_bus[16]'. (ELAB-510)
Information:  Presto preserved an unloaded net 'dummy_bus[17]'. (ELAB-510)
Information:  Presto preserved an unloaded net 'dummy_bus[18]'. (ELAB-510)
Information:  Presto preserved an unloaded net 'dummy_bus[19]'. (ELAB-510)
Information:  Presto preserved an unloaded net 'dummy_bus[20]'. (ELAB-510)
Information:  Presto preserved an unloaded net 'dummy_bus[21]'. (ELAB-510)
Information:  Presto preserved an unloaded net 'dummy_bus[22]'. (ELAB-510)
Information:  Presto preserved an unloaded net 'dummy_bus[23]'. (ELAB-510)
Information:  Presto preserved an unloaded net 'dummy_bus[24]'. (ELAB-510)
Information:  Presto preserved an unloaded net 'dummy_bus[25]'. (ELAB-510)
Information:  Presto preserved an unloaded net 'dummy_bus[26]'. (ELAB-510)
Information:  Presto preserved an unloaded net 'dummy_bus[27]'. (ELAB-510)
Information:  Presto preserved an unloaded net 'dummy_bus[28]'. (ELAB-510)
Information:  Presto preserved an unloaded net 'dummy_bus[29]'. (ELAB-510)
Information:  Presto preserved an unloaded net 'dummy_bus[30]'. (ELAB-510)
Information:  Presto preserved an unloaded net 'dummy_bus[31]'. (ELAB-510)
Information:  Presto preserved an unloaded net 'dummy_bus[0]'. (ELAB-510)
Information:  Presto preserved an unloaded net 'dummy_bus[1]'. (ELAB-510)
Information:  Presto preserved an unloaded net 'dummy_bus[2]'. (ELAB-510)
Information:  Presto preserved an unloaded net 'dummy_bus[3]'. (ELAB-510)
Information:  Presto preserved an unloaded net 'dummy_bus[4]'. (ELAB-510)
Information:  Presto preserved an unloaded net 'dummy_bus[5]'. (ELAB-510)
Information:  Presto preserved an unloaded net 'dummy_bus[6]'. (ELAB-510)
Information:  Presto preserved an unloaded net 'dummy_bus[7]'. (ELAB-510)
Information:  Presto preserved an unloaded net 'dummy_bus[8]'. (ELAB-510)
Information:  Presto preserved an unloaded net 'dummy_bus[9]'. (ELAB-510)
Information:  Presto preserved an unloaded net 'dummy_bus[10]'. (ELAB-510)
Information:  Presto preserved an unloaded net 'dummy_bus[11]'. (ELAB-510)
Information:  Presto preserved an unloaded net 'dummy_bus[12]'. (ELAB-510)
Information:  Presto preserved an unloaded net 'dummy_bus[13]'. (ELAB-510)
Information:  Presto preserved an unloaded net 'dummy_bus[14]'. (ELAB-510)
Information:  Presto preserved an unloaded net 'dummy_bus[15]'. (ELAB-510)
Information:  Presto preserved an unloaded net 'dummy_bus[16]'. (ELAB-510)
Information:  Presto preserved an unloaded net 'dummy_bus[17]'. (ELAB-510)
Information:  Presto preserved an unloaded net 'dummy_bus[18]'. (ELAB-510)
Information:  Presto preserved an unloaded net 'dummy_bus[19]'. (ELAB-510)
Information:  Presto preserved an unloaded net 'dummy_bus[20]'. (ELAB-510)
Information:  Presto preserved an unloaded net 'dummy_bus[21]'. (ELAB-510)
Information:  Presto preserved an unloaded net 'dummy_bus[22]'. (ELAB-510)
Information:  Presto preserved an unloaded net 'dummy_bus[23]'. (ELAB-510)
Information:  Presto preserved an unloaded net 'dummy_bus[24]'. (ELAB-510)
Information:  Presto preserved an unloaded net 'dummy_bus[25]'. (ELAB-510)
Information:  Presto preserved an unloaded net 'dummy_bus[26]'. (ELAB-510)
Information:  Presto preserved an unloaded net 'dummy_bus[27]'. (ELAB-510)
Information:  Presto preserved an unloaded net 'dummy_bus[28]'. (ELAB-510)
Information:  Presto preserved an unloaded net 'dummy_bus[29]'. (ELAB-510)
Information:  Presto preserved an unloaded net 'dummy_bus[30]'. (ELAB-510)
Information:  Presto preserved an unloaded net 'dummy_bus[31]'. (ELAB-510)
Information:  Presto preserved an unloaded net 'dummy_bus[0]'. (ELAB-510)
Information:  Presto preserved an unloaded net 'dummy_bus[1]'. (ELAB-510)
Information:  Presto preserved an unloaded net 'dummy_bus[2]'. (ELAB-510)
Information:  Presto preserved an unloaded net 'dummy_bus[3]'. (ELAB-510)
Information:  Presto preserved an unloaded net 'dummy_bus[4]'. (ELAB-510)
Information:  Presto preserved an unloaded net 'dummy_bus[5]'. (ELAB-510)
Information:  Presto preserved an unloaded net 'dummy_bus[6]'. (ELAB-510)
Information:  Presto preserved an unloaded net 'dummy_bus[7]'. (ELAB-510)
Information:  Presto preserved an unloaded net 'dummy_bus[8]'. (ELAB-510)
Information:  Presto preserved an unloaded net 'dummy_bus[9]'. (ELAB-510)
Information:  Presto preserved an unloaded net 'dummy_bus[10]'. (ELAB-510)
Information:  Presto preserved an unloaded net 'dummy_bus[11]'. (ELAB-510)
Information:  Presto preserved an unloaded net 'dummy_bus[12]'. (ELAB-510)
Information:  Presto preserved an unloaded net 'dummy_bus[13]'. (ELAB-510)
Information:  Presto preserved an unloaded net 'dummy_bus[14]'. (ELAB-510)
Information:  Presto preserved an unloaded net 'dummy_bus[15]'. (ELAB-510)
Information:  Presto preserved an unloaded net 'dummy_bus[16]'. (ELAB-510)
Information:  Presto preserved an unloaded net 'dummy_bus[17]'. (ELAB-510)
Information:  Presto preserved an unloaded net 'dummy_bus[18]'. (ELAB-510)
Information:  Presto preserved an unloaded net 'dummy_bus[19]'. (ELAB-510)
Information:  Presto preserved an unloaded net 'dummy_bus[20]'. (ELAB-510)
Information:  Presto preserved an unloaded net 'dummy_bus[21]'. (ELAB-510)
Information:  Presto preserved an unloaded net 'dummy_bus[22]'. (ELAB-510)
Information:  Presto preserved an unloaded net 'dummy_bus[23]'. (ELAB-510)
Information:  Presto preserved an unloaded net 'dummy_bus[24]'. (ELAB-510)
Information:  Presto preserved an unloaded net 'dummy_bus[25]'. (ELAB-510)
Information:  Presto preserved an unloaded net 'dummy_bus[26]'. (ELAB-510)
Information:  Presto preserved an unloaded net 'dummy_bus[27]'. (ELAB-510)
Information:  Presto preserved an unloaded net 'dummy_bus[28]'. (ELAB-510)
Information:  Presto preserved an unloaded net 'dummy_bus[29]'. (ELAB-510)
Information:  Presto preserved an unloaded net 'dummy_bus[30]'. (ELAB-510)
Information:  Presto preserved an unloaded net 'dummy_bus[31]'. (ELAB-510)

Inferred memory devices in process
	in routine lxp32_icache_BURST_SIZE16_PREFETCH_SIZE32 line 106 in file
		'/home/under_ksh/lxp32_project/dc/rtl/lxp32_icache.vhd'.
===============================================================================
|    Register Name    |   Type    | Width | Bus | MB | AR | AS | SR | SS | ST |
===============================================================================
|   lli_adr_reg_reg   | Flip-flop |  30   |  Y  | N  | N  | N  | N  | N  | N  |
===============================================================================

Inferred memory devices in process
	in routine lxp32_icache_BURST_SIZE16_PREFETCH_SIZE32 line 178 in file
		'/home/under_ksh/lxp32_project/dc/rtl/lxp32_icache.vhd'.
================================================================================
|    Register Name     |   Type    | Width | Bus | MB | AR | AS | SR | SS | ST |
================================================================================
| ram_raddr_before_reg | Flip-flop |   1   |  N  | N  | N  | N  | N  | N  | N  |
================================================================================

Inferred memory devices in process
	in routine lxp32_icache_BURST_SIZE16_PREFETCH_SIZE32 line 202 in file
		'/home/under_ksh/lxp32_project/dc/rtl/lxp32_icache.vhd'.
===============================================================================
|    Register Name    |   Type    | Width | Bus | MB | AR | AS | SR | SS | ST |
===============================================================================
|      miss_reg       | Flip-flop |   1   |  N  | N  | N  | N  | N  | N  | N  |
===============================================================================

Inferred memory devices in process
	in routine lxp32_icache_BURST_SIZE16_PREFETCH_SIZE32 line 221 in file
		'/home/under_ksh/lxp32_project/dc/rtl/lxp32_icache.vhd'.
===============================================================================
|    Register Name    |   Type    | Width | Bus | MB | AR | AS | SR | SS | ST |
===============================================================================
|      init_reg       | Flip-flop |   1   |  N  | N  | N  | N  | N  | N  | N  |
===============================================================================

Inferred memory devices in process
	in routine lxp32_icache_BURST_SIZE16_PREFETCH_SIZE32 line 241 in file
		'/home/under_ksh/lxp32_project/dc/rtl/lxp32_icache.vhd'.
===============================================================================
|    Register Name    |   Type    | Width | Bus | MB | AR | AS | SR | SS | ST |
===============================================================================
|    near_miss_reg    | Flip-flop |   1   |  N  | N  | N  | N  | N  | N  | N  |
===============================================================================

Inferred memory devices in process
	in routine lxp32_icache_BURST_SIZE16_PREFETCH_SIZE32 line 260 in file
		'/home/under_ksh/lxp32_project/dc/rtl/lxp32_icache.vhd'.
===============================================================================
|    Register Name    |   Type    | Width | Bus | MB | AR | AS | SR | SS | ST |
===============================================================================
|    prev_base_reg    | Flip-flop |  22   |  Y  | N  | N  | N  | N  | N  | N  |
|    burst_cnt_reg    | Flip-flop |   5   |  Y  | N  | N  | N  | N  | N  | N  |
|     wb_stb_reg      | Flip-flop |   1   |  N  | N  | N  | N  | N  | N  | N  |
|    wrap_cnt_reg     | Flip-flop |   2   |  Y  | N  | N  | N  | N  | N  | N  |
|     wb_cti_reg      | Flip-flop |   3   |  Y  | N  | N  | N  | N  | N  | N  |
|     burst1_reg      | Flip-flop |   1   |  N  | N  | N  | N  | N  | N  | N  |
| current_offset_reg  | Flip-flop |   8   |  Y  | N  | N  | N  | N  | N  | N  |
|  start_offset_reg   | Flip-flop |   8   |  Y  | N  | N  | N  | N  | N  | N  |
|  current_base_reg   | Flip-flop |  22   |  Y  | N  | N  | N  | N  | N  | N  |
|    next_base_reg    | Flip-flop |  22   |  Y  | N  | N  | N  | N  | N  | N  |
===============================================================================
Presto compilation completed successfully.
Information: Building the design 'lxp32_fetch' instantiated from design 'lxp32_cpu_0_1_dsp_00000000' with
	the parameters "START_ADDR=32'h00000000". (HDL-193)
Warning:  /home/under_ksh/lxp32_project/dc/rtl/lxp32_fetch.vhd:42: The initial value for signal 'init' is not supported for synthesis. Presto ignores it.  (ELAB-130)
Warning:  /home/under_ksh/lxp32_project/dc/rtl/lxp32_fetch.vhd:43: The initial value for signal 'init_cnt' is not supported for synthesis. Presto ignores it.  (ELAB-130)
Warning:  /home/under_ksh/lxp32_project/dc/rtl/lxp32_fetch.vhd:45: The initial value for signal 'fetch_addr' is not supported for synthesis. Presto ignores it.  (ELAB-130)
Warning:  /home/under_ksh/lxp32_project/dc/rtl/lxp32_fetch.vhd:48: The initial value for signal 'suppress_re' is not supported for synthesis. Presto ignores it.  (ELAB-130)
Warning:  /home/under_ksh/lxp32_project/dc/rtl/lxp32_fetch.vhd:50: The initial value for signal 'requested' is not supported for synthesis. Presto ignores it.  (ELAB-130)
Warning:  /home/under_ksh/lxp32_project/dc/rtl/lxp32_fetch.vhd:60: The initial value for signal 'jr' is not supported for synthesis. Presto ignores it.  (ELAB-130)
Warning:  /home/under_ksh/lxp32_project/dc/rtl/lxp32_fetch.vhd:182: Initial values for signals/variables are not supported for synthesis by default. They are ignored. (VHD-7)
'report' output: Fetch: buffer should be empty
'report' output: Fetch: incorrect data
'report' output: Fetch: incorrect current_ip
'report' output: Fetch: incorrect next_ip

Inferred memory devices in process
	in routine lxp32_fetch_00000000 line 80 in file
		'/home/under_ksh/lxp32_project/dc/rtl/lxp32_fetch.vhd'.
===============================================================================
|    Register Name    |   Type    | Width | Bus | MB | AR | AS | SR | SS | ST |
===============================================================================
|    init_cnt_reg     | Flip-flop |   8   |  Y  | N  | N  | N  | N  | N  | N  |
|      init_reg       | Flip-flop |   1   |  N  | N  | N  | N  | N  | N  | N  |
===============================================================================

Inferred memory devices in process
	in routine lxp32_fetch_00000000 line 99 in file
		'/home/under_ksh/lxp32_project/dc/rtl/lxp32_fetch.vhd'.
===============================================================================
|    Register Name    |   Type    | Width | Bus | MB | AR | AS | SR | SS | ST |
===============================================================================
|   current_ip_reg    | Flip-flop |  30   |  Y  | N  | N  | N  | N  | N  | N  |
|   fetch_addr_reg    | Flip-flop |  30   |  Y  | N  | N  | N  | N  | N  | N  |
|    requested_reg    | Flip-flop |   1   |  N  | N  | N  | N  | N  | N  | N  |
|       jr_reg        | Flip-flop |   1   |  N  | N  | N  | N  | N  | N  | N  |
|   suppress_re_reg   | Flip-flop |   1   |  N  | N  | N  | N  | N  | N  | N  |
|     next_ip_reg     | Flip-flop |  30   |  Y  | N  | N  | N  | N  | N  | N  |
===============================================================================
Presto compilation completed successfully.
Information: Building the design 'lxp32_decode'. (HDL-193)
Warning:  /home/under_ksh/lxp32_project/dc/rtl/lxp32_decode.vhd:70: The initial value for signal 'state' is not supported for synthesis. Presto ignores it.  (ELAB-130)
Warning:  /home/under_ksh/lxp32_project/dc/rtl/lxp32_decode.vhd:84: The initial value for signal 'self_busy' is not supported for synthesis. Presto ignores it.  (ELAB-130)
Warning:  /home/under_ksh/lxp32_project/dc/rtl/lxp32_decode.vhd:86: The initial value for signal 'valid_out' is not supported for synthesis. Presto ignores it.  (ELAB-130)
Warning:  /home/under_ksh/lxp32_project/dc/rtl/lxp32_decode.vhd:102: The initial value for signal 'interrupt_ready' is not supported for synthesis. Presto ignores it.  (ELAB-130)

Statistics for case statements in always block at line 120 in file
	'/home/under_ksh/lxp32_project/dc/rtl/lxp32_decode.vhd'
===============================================
|           Line           |  full/ parallel  |
===============================================
|           168            |    auto/auto     |
===============================================

Inferred memory devices in process
	in routine lxp32_decode line 120 in file
		'/home/under_ksh/lxp32_project/dc/rtl/lxp32_decode.vhd'.
=================================================================================
|     Register Name     |   Type    | Width | Bus | MB | AR | AS | SR | SS | ST |
=================================================================================
|      dst_out_reg      | Flip-flop |   8   |  Y  | N  | N  | N  | N  | N  | N  |
|     valid_out_reg     | Flip-flop |   1   |  N  | N  | N  | N  | N  | N  | N  |
|     self_busy_reg     | Flip-flop |   1   |  N  | N  | N  | N  | N  | N  | N  |
|       state_reg       | Flip-flop |   3   |  Y  | N  | N  | N  | N  | N  | N  |
|  interrupt_ready_reg  | Flip-flop |   1   |  N  | N  | N  | N  | N  | N  | N  |
|   cmd_loadop3_o_reg   | Flip-flop |   1   |  N  | N  | N  | N  | N  | N  | N  |
|   cmd_signed_o_reg    | Flip-flop |   1   |  N  | N  | N  | N  | N  | N  | N  |
|    cmd_dbus_o_reg     | Flip-flop |   1   |  N  | N  | N  | N  | N  | N  | N  |
| cmd_dbus_store_o_reg  | Flip-flop |   1   |  N  | N  | N  | N  | N  | N  | N  |
|  cmd_dbus_byte_o_reg  | Flip-flop |   1   |  N  | N  | N  | N  | N  | N  | N  |
|   cmd_addsub_o_reg    | Flip-flop |   1   |  N  | N  | N  | N  | N  | N  | N  |
| cmd_negate_op2_o_reg  | Flip-flop |   1   |  N  | N  | N  | N  | N  | N  | N  |
|     cmd_mul_o_reg     | Flip-flop |   1   |  N  | N  | N  | N  | N  | N  | N  |
|     cmd_div_o_reg     | Flip-flop |   1   |  N  | N  | N  | N  | N  | N  | N  |
|   cmd_div_mod_o_reg   | Flip-flop |   1   |  N  | N  | N  | N  | N  | N  | N  |
|     cmd_cmp_o_reg     | Flip-flop |   1   |  N  | N  | N  | N  | N  | N  | N  |
|    cmd_jump_o_reg     | Flip-flop |   1   |  N  | N  | N  | N  | N  | N  | N  |
|     cmd_and_o_reg     | Flip-flop |   1   |  N  | N  | N  | N  | N  | N  | N  |
|     cmd_xor_o_reg     | Flip-flop |   1   |  N  | N  | N  | N  | N  | N  | N  |
|    cmd_shift_o_reg    | Flip-flop |   1   |  N  | N  | N  | N  | N  | N  | N  |
| cmd_shift_right_o_reg | Flip-flop |   1   |  N  | N  | N  | N  | N  | N  | N  |
|    rd1_select_reg     | Flip-flop |   1   |  N  | N  | N  | N  | N  | N  | N  |
|    rd1_direct_reg     | Flip-flop |  32   |  Y  | N  | N  | N  | N  | N  | N  |
|    rd2_select_reg     | Flip-flop |   1   |  N  | N  | N  | N  | N  | N  | N  |
|    rd2_direct_reg     | Flip-flop |  32   |  Y  | N  | N  | N  | N  | N  | N  |
|       op3_o_reg       | Flip-flop |  32   |  Y  | N  | N  | N  | N  | N  | N  |
|    jump_type_o_reg    | Flip-flop |   4   |  Y  | N  | N  | N  | N  | N  | N  |
=================================================================================

Inferred memory devices in process
	in routine lxp32_decode line 307 in file
		'/home/under_ksh/lxp32_project/dc/rtl/lxp32_decode.vhd'.
===============================================================================
|    Register Name    |   Type    | Width | Bus | MB | AR | AS | SR | SS | ST |
===============================================================================
|     rd2_reg_reg     | Flip-flop |   8   |  Y  | N  | N  | N  | N  | N  | N  |
|     rd1_reg_reg     | Flip-flop |   8   |  Y  | N  | N  | N  | N  | N  | N  |
===============================================================================
Presto compilation completed successfully.
Information: Building the design 'lxp32_execute' instantiated from design 'lxp32_cpu_0_1_dsp_00000000' with
	the parameters "DBUS_RMW=1'h0,DIVIDER_EN=1'h1,MUL_ARCH="dsp"". (HDL-193)
Warning:  /home/under_ksh/lxp32_project/dc/rtl/lxp32_execute.vhd:96: The initial value for signal 'jump_valid' is not supported for synthesis. Presto ignores it.  (ELAB-130)
Warning:  /home/under_ksh/lxp32_project/dc/rtl/lxp32_execute.vhd:115: The initial value for signal 'interrupt_return' is not supported for synthesis. Presto ignores it.  (ELAB-130)

Inferred memory devices in process
	in routine lxp32_execute_0_1_dsp line 173 in file
		'/home/under_ksh/lxp32_project/dc/rtl/lxp32_execute.vhd'.
================================================================================
|    Register Name     |   Type    | Width | Bus | MB | AR | AS | SR | SS | ST |
================================================================================
|     jump_dst_reg     | Flip-flop |  30   |  Y  | N  | N  | N  | N  | N  | N  |
|    jump_valid_reg    | Flip-flop |   1   |  N  | N  | N  | N  | N  | N  | N  |
| interrupt_return_reg | Flip-flop |   1   |  N  | N  | N  | N  | N  | N  | N  |
================================================================================

Inferred memory devices in process
	in routine lxp32_execute_0_1_dsp line 245 in file
		'/home/under_ksh/lxp32_project/dc/rtl/lxp32_execute.vhd'.
===============================================================================
|    Register Name    |   Type    | Width | Bus | MB | AR | AS | SR | SS | ST |
===============================================================================
|     dst_reg_reg     | Flip-flop |   8   |  Y  | N  | N  | N  | N  | N  | N  |
===============================================================================
Presto compilation completed successfully.
Information: Building the design 'lxp32_scratchpad'. (HDL-193)

Inferred memory devices in process
	in routine lxp32_scratchpad line 73 in file
		'/home/under_ksh/lxp32_project/dc/rtl/lxp32_scratchpad.vhd'.
===============================================================================
|    Register Name    |   Type    | Width | Bus | MB | AR | AS | SR | SS | ST |
===============================================================================
|    wdata_reg_reg    | Flip-flop |  32   |  Y  | N  | N  | N  | N  | N  | N  |
| ram1_collision_reg  | Flip-flop |   1   |  N  | N  | N  | N  | N  | N  | N  |
| ram2_collision_reg  | Flip-flop |   1   |  N  | N  | N  | N  | N  | N  | N  |
===============================================================================
Presto compilation completed successfully.
Information: Building the design 'lxp32_interrupt_mux'. (HDL-193)
Warning:  /home/under_ksh/lxp32_project/dc/rtl/lxp32_interrupt_mux.vhd:36: The initial value for signal 'irq_reg' is not supported for synthesis. Presto ignores it.  (ELAB-130)
Warning:  /home/under_ksh/lxp32_project/dc/rtl/lxp32_interrupt_mux.vhd:39: The initial value for signal 'state' is not supported for synthesis. Presto ignores it.  (ELAB-130)
Warning:  /home/under_ksh/lxp32_project/dc/rtl/lxp32_interrupt_mux.vhd:41: The initial value for signal 'pending_interrupts' is not supported for synthesis. Presto ignores it.  (ELAB-130)
Warning:  /home/under_ksh/lxp32_project/dc/rtl/lxp32_interrupt_mux.vhd:43: The initial value for signal 'interrupt_valid' is not supported for synthesis. Presto ignores it.  (ELAB-130)
Warning:  /home/under_ksh/lxp32_project/dc/rtl/lxp32_interrupt_mux.vhd:45: The initial value for signal 'interrupts_enabled' is not supported for synthesis. Presto ignores it.  (ELAB-130)
Warning:  /home/under_ksh/lxp32_project/dc/rtl/lxp32_interrupt_mux.vhd:46: The initial value for signal 'interrupts_blocked' is not supported for synthesis. Presto ignores it.  (ELAB-130)

Statistics for case statements in always block at line 56 in file
	'/home/under_ksh/lxp32_project/dc/rtl/lxp32_interrupt_mux.vhd'
===============================================
|           Line           |  full/ parallel  |
===============================================
|            72            |    auto/auto     |
===============================================

Inferred memory devices in process
	in routine lxp32_interrupt_mux line 56 in file
		'/home/under_ksh/lxp32_project/dc/rtl/lxp32_interrupt_mux.vhd'.
==================================================================================
|     Register Name      |   Type    | Width | Bus | MB | AR | AS | SR | SS | ST |
==================================================================================
| interrupt_vector_o_reg | Flip-flop |   3   |  Y  | N  | N  | N  | N  | N  | N  |
|      irq_reg_reg       | Flip-flop |   8   |  Y  | N  | N  | N  | N  | N  | N  |
| pending_interrupts_reg | Flip-flop |   8   |  Y  | N  | N  | N  | N  | N  | N  |
|       state_reg        | Flip-flop |   2   |  Y  | N  | N  | N  | N  | N  | N  |
|  interrupt_valid_reg   | Flip-flop |   1   |  N  | N  | N  | N  | N  | N  | N  |
==================================================================================

Inferred memory devices in process
	in routine lxp32_interrupt_mux line 99 in file
		'/home/under_ksh/lxp32_project/dc/rtl/lxp32_interrupt_mux.vhd'.
==================================================================================
|     Register Name      |   Type    | Width | Bus | MB | AR | AS | SR | SS | ST |
==================================================================================
| interrupts_blocked_reg | Flip-flop |   8   |  Y  | N  | N  | N  | N  | N  | N  |
| interrupts_enabled_reg | Flip-flop |   8   |  Y  | N  | N  | N  | N  | N  | N  |
==================================================================================
Presto compilation completed successfully.
Information: Building the design 'lxp32_ram128x32'. (HDL-193)
Presto compilation completed successfully.
Information: Building the design 'lxp32_ubuf' instantiated from design 'lxp32_fetch_00000000' with
	the parameters "DATA_WIDTH=32". (HDL-193)
Warning:  /home/under_ksh/lxp32_project/dc/rtl/lxp32_ubuf.vhd:38: The initial value for signal 'empty' is not supported for synthesis. Presto ignores it.  (ELAB-130)
Warning:  /home/under_ksh/lxp32_project/dc/rtl/lxp32_ubuf.vhd:39: The initial value for signal 'full' is not supported for synthesis. Presto ignores it.  (ELAB-130)

Inferred memory devices in process
	in routine lxp32_ubuf_DATA_WIDTH32 line 50 in file
		'/home/under_ksh/lxp32_project/dc/rtl/lxp32_ubuf.vhd'.
===============================================================================
|    Register Name    |   Type    | Width | Bus | MB | AR | AS | SR | SS | ST |
===============================================================================
|      regs_reg       | Flip-flop |  64   |  Y  | N  | N  | N  | N  | N  | N  |
|      empty_reg      | Flip-flop |   1   |  N  | N  | N  | N  | N  | N  | N  |
|      full_reg       | Flip-flop |   1   |  N  | N  | N  | N  | N  | N  | N  |
===============================================================================
Presto compilation completed successfully.
Information: Building the design 'lxp32_alu' instantiated from design 'lxp32_execute_0_1_dsp' with
	the parameters "DIVIDER_EN=1'h1,MUL_ARCH="dsp"". (HDL-193)
Warning:  /home/under_ksh/lxp32_project/dc/rtl/lxp32_alu.vhd:82: The initial value for signal 'busy' is not supported for synthesis. Presto ignores it.  (ELAB-130)

Inferred memory devices in process
	in routine lxp32_alu_1_dsp line 103 in file
		'/home/under_ksh/lxp32_project/dc/rtl/lxp32_alu.vhd'.
===============================================================================
|    Register Name    |   Type    | Width | Bus | MB | AR | AS | SR | SS | ST |
===============================================================================
|     cmp_s2_reg      | Flip-flop |   1   |  N  | N  | N  | N  | N  | N  | N  |
|     cmp_eq_reg      | Flip-flop |   1   |  N  | N  | N  | N  | N  | N  | N  |
|    cmp_carry_reg    | Flip-flop |   1   |  N  | N  | N  | N  | N  | N  | N  |
|     cmp_s1_reg      | Flip-flop |   1   |  N  | N  | N  | N  | N  | N  | N  |
===============================================================================

Inferred memory devices in process
	in routine lxp32_alu_1_dsp line 237 in file
		'/home/under_ksh/lxp32_project/dc/rtl/lxp32_alu.vhd'.
===============================================================================
|    Register Name    |   Type    | Width | Bus | MB | AR | AS | SR | SS | ST |
===============================================================================
|      busy_reg       | Flip-flop |   1   |  N  | N  | N  | N  | N  | N  | N  |
===============================================================================
Presto compilation completed successfully.
Information: Building the design 'lxp32_dbus' instantiated from design 'lxp32_execute_0_1_dsp' with
	the parameters "RMW=1'h0". (HDL-193)
Warning:  /home/under_ksh/lxp32_project/dc/rtl/lxp32_dbus.vhd:49: The initial value for signal 'strobe' is not supported for synthesis. Presto ignores it.  (ELAB-130)
Warning:  /home/under_ksh/lxp32_project/dc/rtl/lxp32_dbus.vhd:50: The initial value for signal 'we_out' is not supported for synthesis. Presto ignores it.  (ELAB-130)
Warning:  /home/under_ksh/lxp32_project/dc/rtl/lxp32_dbus.vhd:99: DEFAULT branch of CASE statement cannot be reached. (ELAB-311)
'report' output: Misaligned word-granular access on data bus

Statistics for case statements in always block at line 62 in file
	'/home/under_ksh/lxp32_project/dc/rtl/lxp32_dbus.vhd'
===============================================
|           Line           |  full/ parallel  |
===============================================
|            99            |    auto/auto     |
===============================================

Inferred memory devices in process
	in routine lxp32_dbus_0 line 62 in file
		'/home/under_ksh/lxp32_project/dc/rtl/lxp32_dbus.vhd'.
===============================================================================
|    Register Name    |   Type    | Width | Bus | MB | AR | AS | SR | SS | ST |
===============================================================================
|   dbus_dat_o_reg    | Flip-flop |  32   |  Y  | N  | N  | N  | N  | N  | N  |
|     we_out_reg      | Flip-flop |   1   |  N  | N  | N  | N  | N  | N  | N  |
|     strobe_reg      | Flip-flop |   1   |  N  | N  | N  | N  | N  | N  | N  |
|       sig_reg       | Flip-flop |   1   |  N  | N  | N  | N  | N  | N  | N  |
|    byte_mode_reg    | Flip-flop |   1   |  N  | N  | N  | N  | N  | N  | N  |
|       sel_reg       | Flip-flop |   4   |  Y  | N  | N  | N  | N  | N  | N  |
|       we_reg        | Flip-flop |   1   |  N  | N  | N  | N  | N  | N  | N  |
|   dbus_adr_o_reg    | Flip-flop |  30   |  Y  | N  | N  | N  | N  | N  | N  |
===============================================================================

Inferred memory devices in process
	in routine lxp32_dbus_0 line 150 in file
		'/home/under_ksh/lxp32_project/dc/rtl/lxp32_dbus.vhd'.
===============================================================================
|    Register Name    |   Type    | Width | Bus | MB | AR | AS | SR | SS | ST |
===============================================================================
|   dbus_rdata_reg    | Flip-flop |  32   |  Y  | N  | N  | N  | N  | N  | N  |
===============================================================================
Presto compilation completed successfully.
Information: Building the design 'lxp32_ram256x32'. (HDL-193)
Warning:  /home/under_ksh/lxp32_project/dc/rtl/lxp32_ram256x32.vhd:35: The initial value for signal 'ram' is not supported for synthesis. Presto ignores it.  (ELAB-130)
'report' output: Warning: Is_X returns always FALSE: possible synthesis/simulation mismatch.

Inferred memory devices in process
	in routine lxp32_ram256x32 line 46 in file
		'/home/under_ksh/lxp32_project/dc/rtl/lxp32_ram256x32.vhd'.
===============================================================================
|    Register Name    |   Type    | Width | Bus | MB | AR | AS | SR | SS | ST |
===============================================================================
|       ram_reg       | Flip-flop | 8192  |  Y  | N  | N  | N  | N  | N  | N  |
===============================================================================

Inferred memory devices in process
	in routine lxp32_ram256x32 line 57 in file
		'/home/under_ksh/lxp32_project/dc/rtl/lxp32_ram256x32.vhd'.
===============================================================================
|    Register Name    |   Type    | Width | Bus | MB | AR | AS | SR | SS | ST |
===============================================================================
|     rdata_o_reg     | Flip-flop |  32   |  Y  | N  | N  | N  | N  | N  | N  |
===============================================================================
Statistics for MUX_OPs
========================================================
|  block name/line   | Inputs | Outputs | # sel inputs |
========================================================
| lxp32_ram256x32/64 |  256   |   32    |      8       |
========================================================
Presto compilation completed successfully.
Information: Building the design 'lxp32_mul_dsp'. (HDL-193)
Warning:  /home/under_ksh/lxp32_project/dc/rtl/lxp32_mul_dsp.vhd:37: The initial value for signal 'ceo' is not supported for synthesis. Presto ignores it.  (ELAB-130)

Inferred memory devices in process
	in routine lxp32_mul_dsp line 69 in file
		'/home/under_ksh/lxp32_project/dc/rtl/lxp32_mul_dsp.vhd'.
===============================================================================
|    Register Name    |   Type    | Width | Bus | MB | AR | AS | SR | SS | ST |
===============================================================================
|       ceo_reg       | Flip-flop |   1   |  N  | N  | N  | N  | N  | N  | N  |
===============================================================================
Presto compilation completed successfully.
Information: Building the design 'lxp32_divider'. (HDL-193)
Warning:  /home/under_ksh/lxp32_project/dc/rtl/lxp32_divider.vhd:42: The initial value for signal 'fsm_ce' is not supported for synthesis. Presto ignores it.  (ELAB-130)
Warning:  /home/under_ksh/lxp32_project/dc/rtl/lxp32_divider.vhd:54: The initial value for signal 'cnt' is not supported for synthesis. Presto ignores it.  (ELAB-130)
Warning:  /home/under_ksh/lxp32_project/dc/rtl/lxp32_divider.vhd:56: The initial value for signal 'ceo' is not supported for synthesis. Presto ignores it.  (ELAB-130)

Inferred memory devices in process
	in routine lxp32_divider line 78 in file
		'/home/under_ksh/lxp32_project/dc/rtl/lxp32_divider.vhd'.
===============================================================================
|    Register Name    |   Type    | Width | Bus | MB | AR | AS | SR | SS | ST |
===============================================================================
|     inv_res_reg     | Flip-flop |   1   |  N  | N  | N  | N  | N  | N  | N  |
|     fsm_ce_reg      | Flip-flop |   1   |  N  | N  | N  | N  | N  | N  | N  |
| want_remainder_reg  | Flip-flop |   1   |  N  | N  | N  | N  | N  | N  | N  |
===============================================================================

Inferred memory devices in process
	in routine lxp32_divider line 110 in file
		'/home/under_ksh/lxp32_project/dc/rtl/lxp32_divider.vhd'.
=================================================================================
|     Register Name     |   Type    | Width | Bus | MB | AR | AS | SR | SS | ST |
=================================================================================
|   sum_subtract_reg    | Flip-flop |   1   |  N  | N  | N  | N  | N  | N  | N  |
|        cnt_reg        | Flip-flop |   6   |  Y  | N  | N  | N  | N  | N  | N  |
|        ceo_reg        | Flip-flop |   1   |  N  | N  | N  | N  | N  | N  | N  |
|      divisor_reg      | Flip-flop |  33   |  Y  | N  | N  | N  | N  | N  | N  |
|     dividend_reg      | Flip-flop |  32   |  Y  | N  | N  | N  | N  | N  | N  |
| partial_remainder_reg | Flip-flop |  33   |  Y  | N  | N  | N  | N  | N  | N  |
=================================================================================

Inferred memory devices in process
	in routine lxp32_divider line 155 in file
		'/home/under_ksh/lxp32_project/dc/rtl/lxp32_divider.vhd'.
=====================================================================================
|       Register Name       |   Type    | Width | Bus | MB | AR | AS | SR | SS | ST |
=====================================================================================
|  remainder_corrector_reg  | Flip-flop |  32   |  Y  | N  | N  | N  | N  | N  | N  |
| remainder_corrector_1_reg | Flip-flop |   1   |  N  | N  | N  | N  | N  | N  | N  |
|     remainder_pos_reg     | Flip-flop |  32   |  Y  | N  | N  | N  | N  | N  | N  |
=====================================================================================
Presto compilation completed successfully.
Information: Building the design 'lxp32_shifter'. (HDL-193)
Warning:  /home/under_ksh/lxp32_project/dc/rtl/lxp32_shifter.vhd:46: The initial value for signal 'ceo' is not supported for synthesis. Presto ignores it.  (ELAB-130)

Inferred memory devices in process
	in routine lxp32_shifter line 66 in file
		'/home/under_ksh/lxp32_project/dc/rtl/lxp32_shifter.vhd'.
===============================================================================
|    Register Name    |   Type    | Width | Bus | MB | AR | AS | SR | SS | ST |
===============================================================================
|  stage2_right_reg   | Flip-flop |   1   |  N  | N  | N  | N  | N  | N  | N  |
|       ceo_reg       | Flip-flop |   1   |  N  | N  | N  | N  | N  | N  | N  |
|   stage2_data_reg   | Flip-flop |  32   |  Y  | N  | N  | N  | N  | N  | N  |
|    stage2_s_reg     | Flip-flop |   2   |  Y  | N  | N  | N  | N  | N  | N  |
|   stage2_fill_reg   | Flip-flop |   1   |  N  | N  | N  | N  | N  | N  | N  |
===============================================================================
Presto compilation completed successfully.
Information: Building the design 'lxp32_mul16x16'. (HDL-193)

Inferred memory devices in process
	in routine lxp32_mul16x16 line 29 in file
		'/home/under_ksh/lxp32_project/dc/rtl/lxp32_mul16x16.vhd'.
===============================================================================
|    Register Name    |   Type    | Width | Bus | MB | AR | AS | SR | SS | ST |
===============================================================================
|       p_o_reg       | Flip-flop |  32   |  Y  | N  | N  | N  | N  | N  | N  |
===============================================================================
Presto compilation completed successfully.
Information: Building the design 'lxp32_compl'. (HDL-193)

Inferred memory devices in process
	in routine lxp32_compl line 38 in file
		'/home/under_ksh/lxp32_project/dc/rtl/lxp32_compl.vhd'.
===============================================================================
|    Register Name    |   Type    | Width | Bus | MB | AR | AS | SR | SS | ST |
===============================================================================
|     sum_low_reg     | Flip-flop |  17   |  Y  | N  | N  | N  | N  | N  | N  |
|     d_high_reg      | Flip-flop |  16   |  Y  | N  | N  | N  | N  | N  | N  |
===============================================================================
Presto compilation completed successfully.
1
set reports_dir $project_dir/reports
/home/under_ksh/lxp32_project/dc/reports
set final_reports_dir $project_dir/final_reports
/home/under_ksh/lxp32_project/dc/final_reports
set design_dir $project_dir/designs
/home/under_ksh/lxp32_project/dc/designs
set outputs_dir $project_dir/outputs
/home/under_ksh/lxp32_project/dc/outputs
if { ! [ file exists $reports_dir ] } { 
    file mkdir $reports_dir
}
if { ! [ file exists $final_reports_dir ] } { 
    file mkdir $final_reports_dir
}
if { ! [ file exists $design_dir] } { 
    file mkdir $design_dir
}
if { ! [ file exists $outputs_dir] } {
    file mkdir $outputs_dir
}
create_clock clk_i -period 2
1
# compile
compile_ultra
Information: Performing power optimization. (PWR-850)
Alib files are up-to-date.
Information: Running optimization using a maximum of 16 cores. (OPT-1500)
Information: Evaluating DesignWare library utilization. (UISN-27)

============================================================================
| DesignWare Building Block Library  |         Version         | Available |
============================================================================
| Basic DW Building Blocks           | N-2017.09-DWBB_201709.3 |     *     |
| Licensed DW Building Blocks        | N-2017.09-DWBB_201709.3 |     *     |
============================================================================

Information: Sequential output inversion is enabled.  SVF file must be used for formal verification. (OPT-1208)

Information: There are 136 potential problems in your design. Please run 'check_design' for more information. (LINT-99)

Information: Uniquified 2 instances of design 'lxp32_ram128x32'. (OPT-1056)
Information: Uniquified 2 instances of design 'lxp32_ram256x32'. (OPT-1056)
Information: Uniquified 3 instances of design 'lxp32_mul16x16'. (OPT-1056)
  Simplifying Design 'lxp32c_top'

  Loading target library 'saed32sram_ss0p95v125c'
  Loading target library 'saed32pll_ss0p95v125c_2p25v'
  Loading target library 'saed32io_fc_ss0p95v125c_2p25v'
Loaded alib file './alib-52/saed32sram_ss0p95v125c.db.alib' (placeholder)
Loaded alib file './alib-52/saed32hvt_ss0p95v125c.db.alib'
Loaded alib file './alib-52/saed32pll_ss0p95v125c_2p25v.db.alib' (placeholder)
Loaded alib file './alib-52/saed32io_fc_ss0p95v125c_2p25v.db.alib' (placeholder)
  Building model 'DW01_NAND2'
Information: Ungrouping hierarchy icache_inst before Pass 1 (OPT-776)
Information: Ungrouping hierarchy cpu_inst/fetch_inst before Pass 1 (OPT-776)
Information: Ungrouping hierarchy cpu_inst/decode_inst before Pass 1 (OPT-776)
Information: Ungrouping hierarchy cpu_inst/interrupt_mux_inst before Pass 1 (OPT-776)
Information: Ungrouping hierarchy icache_inst/sram_inst1 before Pass 1 (OPT-776)
Information: Ungrouping hierarchy icache_inst/sram_inst2 before Pass 1 (OPT-776)
Information: Ungrouping hierarchy cpu_inst/fetch_inst/ubuf_inst before Pass 1 (OPT-776)
Information: Ungrouping hierarchy cpu_inst/execute_inst/dbus_inst before Pass 1 (OPT-776)
Information: Ungrouping hierarchy cpu_inst/execute_inst/alu_inst/mul_inst before Pass 1 (OPT-776)
Information: Ungrouping hierarchy cpu_inst/execute_inst/alu_inst/divider_inst before Pass 1 (OPT-776)
Information: Ungrouping hierarchy cpu_inst/execute_inst/alu_inst/shifter_inst before Pass 1 (OPT-776)
Information: Ungrouping hierarchy cpu_inst/execute_inst/alu_inst/mul_inst/mul00_inst before Pass 1 (OPT-776)
Information: Ungrouping hierarchy cpu_inst/execute_inst/alu_inst/divider_inst/compl_op1_inst before Pass 1 (OPT-776)
Information: Ungrouping hierarchy cpu_inst/execute_inst/alu_inst/mul_inst/mul10_inst before Pass 1 (OPT-776)
Information: Ungrouping hierarchy cpu_inst/execute_inst/alu_inst/mul_inst/mul01_inst before Pass 1 (OPT-776)
Information: Ungrouping 15 of 22 hierarchies before Pass 1 (OPT-775)
Information: State dependent leakage is now switched from on to off.

  Beginning Pass 1 Mapping
  ------------------------
.
  Processing 'lxp32_ram256x32_0'
  Processing 'lxp32_cpu_0_1_dsp_00000000'
 Implement Synthetic for 'lxp32_cpu_0_1_dsp_00000000'.
  Processing 'lxp32_scratchpad'
Information: Added key list 'DesignWare' to design 'lxp32_scratchpad'. (DDB-72)
  Processing 'lxp32_alu_1_dsp'
Information: Added key list 'DesignWare' to design 'lxp32_alu_1_dsp'. (DDB-72)
 Implement Synthetic for 'lxp32_alu_1_dsp'.
  Processing 'lxp32c_top'
Information: Added key list 'DesignWare' to design 'lxp32c_top'. (DDB-72)
Information: The register 'icache_inst/wb_cti_reg[1]' is a constant and will be removed. (OPT-1206)
 Implement Synthetic for 'lxp32c_top'.
  Processing 'lxp32_execute_0_1_dsp'

  Updating timing information
Information: Updating design information... (UID-85)
Information: The library cell 'PMT3_HVT' in the library 'saed32hvt_ss0p95v125c' is not characterized for internal power. (PWR-536)
Information: The library cell 'PMT2_HVT' in the library 'saed32hvt_ss0p95v125c' is not characterized for internal power. (PWR-536)
Information: The library cell 'PMT1_HVT' in the library 'saed32hvt_ss0p95v125c' is not characterized for internal power. (PWR-536)
Information: The library cell 'NMT3_HVT' in the library 'saed32hvt_ss0p95v125c' is not characterized for internal power. (PWR-536)
Information: The library cell 'NMT2_HVT' in the library 'saed32hvt_ss0p95v125c' is not characterized for internal power. (PWR-536)
Information: The library cell 'NMT1_HVT' in the library 'saed32hvt_ss0p95v125c' is not characterized for internal power. (PWR-536)
Information: The target library(s) contains cell(s), other than black boxes, that are not characterized for internal power. (PWR-24)
Information: Complementing port 'jump_ready_i' in design 'lxp32_execute_0_1_dsp'.
	 The new name of the port is 'jump_ready_i_BAR'. (OPT-319)
Information: Complementing port 'cmd_shift_right_i' in design 'lxp32_alu_1_dsp'.
	 The new name of the port is 'cmd_shift_right_i_BAR'. (OPT-319)
Information: Complementing port 'cmd_shift_right_i' in design 'lxp32_execute_0_1_dsp'.
	 The new name of the port is 'cmd_shift_right_i_BAR'. (OPT-319)
Information: Complementing port 'valid_i' in design 'lxp32_alu_1_dsp'.
	 The new name of the port is 'valid_i_BAR'. (OPT-319)
Information: In design 'lxp32c_top', the register 'icache_inst/ram_raddr_before_reg[0]' is removed because it is merged to 'icache_inst/lli_adr_reg_reg[0]'. (OPT-1215)

Threshold voltage group cell usage:
>> saed32cell_hvt 100.00%, saed32cell_svt 0.00%

  Beginning Mapping Optimizations  (Ultra High effort)
  -------------------------------
Information: Added key list 'DesignWare' to design 'lxp32_cpu_0_1_dsp_00000000'. (DDB-72)
Information: Ungrouping hierarchy cpu_inst/scratchpad_inst 'lxp32_scratchpad' #insts = 162. (OPT-777)
Information: Ungrouping hierarchy cpu_inst/execute_inst/alu_inst 'lxp32_alu_1_dsp' #insts = 1823. (OPT-777)
Information: Added key list 'DesignWare' to design 'lxp32_execute_0_1_dsp'. (DDB-72)
Information: Ungrouping hierarchy cpu_inst 'lxp32_cpu_0_1_dsp_00000000' #insts = 1902. (OPT-777)
  Mapping Optimization (Phase 1)
  Mapping Optimization (Phase 2)
  Mapping Optimization (Phase 3)

Threshold voltage group cell usage:
>> saed32cell_hvt 100.00%, saed32cell_svt 0.00%

  Beginning Constant Register Removal
  -----------------------------------

Threshold voltage group cell usage:
>> saed32cell_hvt 100.00%, saed32cell_svt 0.00%

  Beginning Global Optimizations
  ------------------------------
  Numerical Synthesis (Phase 1)
  Numerical Synthesis (Phase 2)
  Global Optimization (Phase 1)
  Global Optimization (Phase 2)
  Global Optimization (Phase 3)
  Global Optimization (Phase 4)
  Global Optimization (Phase 5)
  Global Optimization (Phase 6)
  Global Optimization (Phase 7)
  Global Optimization (Phase 8)
  Global Optimization (Phase 9)
  Global Optimization (Phase 10)
  Global Optimization (Phase 11)
  Global Optimization (Phase 12)
  Global Optimization (Phase 13)
  Global Optimization (Phase 14)
  Global Optimization (Phase 15)
  Global Optimization (Phase 16)
  Global Optimization (Phase 17)
  Global Optimization (Phase 18)
  Global Optimization (Phase 19)
  Global Optimization (Phase 20)
  Global Optimization (Phase 21)
  Global Optimization (Phase 22)
  Global Optimization (Phase 23)
  Global Optimization (Phase 24)
  Global Optimization (Phase 25)
  Global Optimization (Phase 26)
  Global Optimization (Phase 27)
  Global Optimization (Phase 28)
  Global Optimization (Phase 29)
  Global Optimization (Phase 30)
  Global Optimization (Phase 31)
  Mapping 'lxp32_execute_0_1_dsp_DW_mult_uns_2'

Threshold voltage group cell usage:
>> saed32cell_hvt 100.00%, saed32cell_svt 0.00%

  Beginning Isolate Ports
  -----------------------

Threshold voltage group cell usage:
>> saed32cell_hvt 100.00%, saed32cell_svt 0.00%

  Beginning Delay Optimization
  ----------------------------

                                  TOTAL                                                
   ELAPSED            WORST NEG   SETUP    DESIGN                              LEAKAGE 
    TIME      AREA      SLACK     COST    RULE COST         ENDPOINT            POWER  
  --------- --------- --------- --------- --------- ------------------------- ---------
    0:04:07  260112.3      0.85    3705.1      27.5                           4211133184.0000
    0:04:57  260496.3      0.50    3884.9      30.6                           4212237312.0000
    0:04:57  260496.3      0.50    3884.9      30.6                           4212237312.0000
    0:05:04  260494.7      0.50    3885.0      40.0                           4212246016.0000

Threshold voltage group cell usage:
>> saed32cell_hvt 100.00%, saed32cell_svt 0.00%

  Beginning WLM Backend Optimization
  --------------------------------------
    0:05:29  259546.0      0.49    3907.8      39.3                           4182689280.0000
    0:05:37  258383.1      0.49    3925.2      39.3                           4150185984.0000
    0:05:40  258297.2      0.49    3924.5      39.3                           4146946560.0000
    0:05:45  258138.8      0.49    3835.5      39.3                           4119759360.0000
    0:05:46  258138.8      0.49    3835.5      39.3                           4119759360.0000
    0:05:49  258156.1      0.50    3838.4      39.3                           4120253440.0000
    0:05:49  258156.1      0.50    3838.4      39.3                           4120253440.0000
    0:05:49  258156.1      0.50    3838.4      39.3                           4120253440.0000
    0:05:49  258156.1      0.50    3838.4      39.3                           4120253440.0000
    0:05:51  258156.1      0.50    3838.4      39.3                           4120253440.0000
    0:05:51  258156.1      0.50    3838.4      39.3                           4120253440.0000
    0:05:59  258219.4      0.48    4603.6      38.5                           4120872704.0000
    0:05:59  258219.4      0.48    4603.6      38.5                           4120872704.0000
    0:06:00  258219.1      0.48    4603.6      38.5                           4120857600.0000
    0:06:00  258219.1      0.48    4603.6      38.5                           4120857600.0000
    0:06:01  258220.2      0.48    4609.3      38.5                           4120894464.0000
    0:06:01  258220.2      0.48    4609.3      38.5                           4120894464.0000
    0:06:02  258220.2      0.48    4609.3      38.5                           4120894464.0000
    0:06:02  258220.2      0.48    4609.3      38.5                           4120894464.0000
    0:06:03  258220.2      0.48    4578.4      38.5                           4120894464.0000
    0:06:03  258220.2      0.48    4578.4      38.5                           4120894464.0000
    0:06:04  258220.2      0.48    4578.4      38.5                           4120894464.0000


  Beginning Design Rule Fixing  (max_transition)  (max_capacitance)
  ----------------------------

                                  TOTAL                                                
   ELAPSED            WORST NEG   SETUP    DESIGN                              LEAKAGE 
    TIME      AREA      SLACK     COST    RULE COST         ENDPOINT            POWER  
  --------- --------- --------- --------- --------- ------------------------- ---------
    0:06:04  258220.2      0.48    4578.4      38.5                           4120894464.0000
  Global Optimization (Phase 32)
  Global Optimization (Phase 33)
  Global Optimization (Phase 34)
    0:06:12  258320.3      0.47    4547.6       0.0 cpu_inst/execute_inst/alu_inst/mul_inst/mul00_inst/p_o_reg[19]/D 4124792832.0000
    0:06:16  258335.8      0.46    4546.9       0.0                           4124643328.0000
    0:06:17  258336.8      0.46    4547.0       0.0                           4124686336.0000

Threshold voltage group cell usage:
>> saed32cell_hvt 100.00%, saed32cell_svt 0.00%


  Beginning Leakage Power Optimization  (max_leakage_power 0)
  ------------------------------------

                                  TOTAL                                                
   ELAPSED            WORST NEG   SETUP    DESIGN                              LEAKAGE 
    TIME      AREA      SLACK     COST    RULE COST         ENDPOINT            POWER  
  --------- --------- --------- --------- --------- ------------------------- ---------
    0:06:17  258336.8      0.46    4547.0       0.0                           4124686336.0000
  Global Optimization (Phase 35)
  Global Optimization (Phase 36)
  Global Optimization (Phase 37)
  Global Optimization (Phase 38)
  Global Optimization (Phase 39)
  Global Optimization (Phase 40)
  Global Optimization (Phase 41)
  Global Optimization (Phase 42)
  Global Optimization (Phase 43)
  Global Optimization (Phase 44)
  Global Optimization (Phase 45)
  Global Optimization (Phase 46)
  Global Optimization (Phase 47)
  Global Optimization (Phase 48)
  Global Optimization (Phase 49)
  Global Optimization (Phase 50)
Information: Complementing port 'cmd_negate_op2_i' in design 'lxp32_execute_0_1_dsp'.
	 The new name of the port is 'cmd_negate_op2_i_BAR'. (OPT-319)
    0:06:42  256123.0      0.53    4461.2       9.0                           4053229824.0000
    0:06:49  256235.5      0.51    3428.3       9.5                           4055740672.0000
    0:06:49  256235.5      0.51    3428.3       9.5                           4055740672.0000
    0:06:56  256288.4      0.51    3294.0       1.6                           4057751808.0000
    0:06:56  256288.4      0.51    3294.0       1.6                           4057751808.0000
    0:06:58  256288.9      0.51    3294.0       1.6                           4057806592.0000
    0:06:58  256288.9      0.51    3294.0       1.6                           4057806592.0000
    0:06:58  256288.9      0.51    3294.0       1.6                           4057806592.0000
    0:06:58  256288.9      0.51    3294.0       1.6                           4057806592.0000
    0:06:59  256288.9      0.51    3294.0       1.6                           4057806592.0000
    0:06:59  256288.9      0.51    3294.0       1.6                           4057806592.0000
    0:07:09  256341.3      0.46    4330.9      13.3                           4059250432.0000
    0:07:09  256341.3      0.46    4330.9      13.3                           4059250432.0000
    0:07:13  256378.6      0.46    4441.0      13.8                           4060499712.0000
    0:07:13  256378.6      0.46    4441.0      13.8                           4060499712.0000
    0:07:20  256398.7      0.45    4374.0      13.8                           4060873216.0000
    0:07:20  256398.7      0.45    4374.0      13.8                           4060873216.0000
    0:07:21  256398.7      0.45    4374.0      13.8                           4060873216.0000
    0:07:21  256398.7      0.45    4374.0      13.8                           4060873216.0000
    0:07:22  256398.7      0.45    4374.0      13.8                           4060873216.0000
    0:07:22  256398.7      0.45    4374.0      13.8                           4060873216.0000
    0:07:23  256398.7      0.45    4374.0      13.8                           4060873216.0000

                                  TOTAL                                                
   ELAPSED            WORST NEG   SETUP    DESIGN                              LEAKAGE 
    TIME      AREA      SLACK     COST    RULE COST         ENDPOINT            POWER  
  --------- --------- --------- --------- --------- ------------------------- ---------
    0:07:25  256398.7      0.45    4374.0      13.8                           4060873216.0000
    0:07:29  254661.1      0.47    4213.1      11.8                           4032463360.0000
    0:07:36  254626.0      0.46    4214.0      11.8                           4031866112.0000
    0:07:41  254585.4      0.46    4218.9      11.8                           4030667520.0000
    0:07:45  254521.1      0.46    4243.2      11.8                           4029157376.0000
    0:07:49  254509.7      0.46    4193.1      11.8                           4028974592.0000
    0:07:49  254509.7      0.46    4193.1      11.8                           4028974592.0000
    0:07:49  254509.7      0.46    4193.1      11.8                           4028974592.0000
    0:07:53  254613.1      0.46    4089.4      11.8                           4035466752.0000
    0:08:07  254605.0      0.46    4082.3       0.0 cpu_inst/execute_inst/alu_inst/mul_inst/mul00_inst/p_o_reg[29]/D 4036474368.0000
    0:08:21  254615.6      0.45    4066.6       0.0 cpu_inst/execute_inst/alu_inst/mul_inst/mul00_inst/p_o_reg[29]/D 4036630784.0000
    0:08:25  254652.0      0.45    4067.3       0.0 cpu_inst/execute_inst/alu_inst/mul_inst/mul00_inst/p_o_reg[22]/D 4037722368.0000
    0:08:30  254675.6      0.44    4067.7      10.7 cpu_inst/execute_inst/alu_inst/mul_inst/mul00_inst/p_o_reg[29]/D 4039410176.0000
    0:08:50  254676.9      0.44    4067.7       0.0                           4038328320.0000
    0:08:53  254685.3      0.44    4053.5       0.0                           4038539008.0000
    0:09:03  254796.8      0.43    4031.1       0.0                           4044769280.0000
    0:09:04  254823.0      0.43    4026.8       0.0                           4046252800.0000
    0:09:04  254824.8      0.43    4026.8       0.0                           4046404864.0000
    0:09:18  254716.8      0.43    3968.8       0.0                           4038577920.0000
Loading db file '/home/espanol/libraries/PDKS/SAED32_EDK_12162019/lib/stdcell_hvt/db_nldm/saed32hvt_ss0p95v125c.db'
Loading db file '/home/espanol/libraries/PDKS/SAED32_EDK_12162019/lib/sram/db_nldm/saed32sram_ss0p95v125c.db'
Loading db file '/home/espanol/libraries/PDKS/SAED32_EDK_12162019/lib/pll/db_nldm/saed32pll_ss0p95v125c_2p25v.db'
Loading db file '/home/espanol/libraries/PDKS/SAED32_EDK_12162019/lib/io_std/db_nldm/saed32io_fc_ss0p95v125c_2p25v.db'


Note: Symbol # after min delay cost means estimated hold TNS across all active scenarios 


  Optimization Complete
  ---------------------
Warning: Design 'lxp32c_top' contains 1 high-fanout nets. A fanout number of 1000 will be used for delay calculations involving these nets. (TIM-134)
     Net 'cpu_inst/scratchpad_inst/ram_inst2/clk_i': 17423 load(s), 1 driver(s)
  Loading target library 'saed32sram_ss0p95v125c'
  Loading target library 'saed32pll_ss0p95v125c_2p25v'
  Loading target library 'saed32io_fc_ss0p95v125c_2p25v'
Information: State dependent leakage is now switched from off to on.
Information: Propagating switching activity (low effort zero delay simulation). (PWR-6)
Warning: Design has unannotated black box outputs. (PWR-428)
1
# design and synthetic file
report_design > $design_dir/design
report_synthetic > $design_dir/synthetic
# timing, area and power reports
report_timing > $final_reports_dir/timing.txt
sh cat $final_reports_dir/timing.txt
 
****************************************
Report : timing
        -path full
        -delay max
        -max_paths 1
Design : lxp32c_top
Version: N-2017.09-SP3
Date   : Sun Nov 28 22:25:00 2021
****************************************

 # A fanout number of 1000 was used for high fanout net computations.

Operating Conditions: ss0p95v125c   Library: saed32sram_ss0p95v125c
Wire Load Model Mode: enclosed

  Startpoint: cpu_inst/scratchpad_inst/ram2_collision_reg
              (rising edge-triggered flip-flop clocked by clk_i)
  Endpoint: cpu_inst/execute_inst/alu_inst/mul_inst/mul00_inst/p_o_reg[22]
            (rising edge-triggered flip-flop clocked by clk_i)
  Path Group: clk_i
  Path Type: max

  Des/Clust/Port     Wire Load Model       Library
  ------------------------------------------------
  lxp32c_top         280000                saed32sram_ss0p95v125c
  lxp32_execute_0_1_dsp
                     16000                 saed32sram_ss0p95v125c

  Point                                                   Incr       Path
  --------------------------------------------------------------------------
  clock clk_i (rise edge)                                 0.00       0.00
  clock network delay (ideal)                             0.00       0.00
  cpu_inst/scratchpad_inst/ram2_collision_reg/CLK (DFFX1_HVT)
                                                          0.00 #     0.00 r
  cpu_inst/scratchpad_inst/ram2_collision_reg/Q (DFFX1_HVT)
                                                          0.22       0.22 f
  U597/Y (AND2X1_HVT)                                     0.09       0.32 f
  U515/Y (NBUFFX8_HVT)                                    0.07       0.39 f
  U501/Y (AO21X1_HVT)                                     0.12       0.51 f
  cpu_inst/execute_inst/op2_i[3] (lxp32_execute_0_1_dsp)
                                                          0.00       0.51 f
  cpu_inst/execute_inst/U180/Y (NBUFFX4_HVT)              0.08       0.60 f
  cpu_inst/execute_inst/U1316/Y (AND2X1_HVT)              0.08       0.67 f
  cpu_inst/execute_inst/U1379/CO (FADDX1_HVT)             0.11       0.78 f
  cpu_inst/execute_inst/U1375/S (FADDX1_HVT)              0.21       0.99 r
  cpu_inst/execute_inst/U1407/CO (FADDX1_HVT)             0.15       1.14 r
  cpu_inst/execute_inst/U1411/S (FADDX1_HVT)              0.23       1.37 f
  cpu_inst/execute_inst/U785/Y (XOR3X2_HVT)               0.25       1.62 r
  cpu_inst/execute_inst/U149/Y (AND2X1_HVT)               0.09       1.72 r
  cpu_inst/execute_inst/U136/Y (AO21X1_HVT)               0.11       1.83 r
  cpu_inst/execute_inst/U117/Y (NAND3X0_HVT)              0.07       1.89 f
  cpu_inst/execute_inst/U531/Y (AND2X1_HVT)               0.09       1.99 f
  cpu_inst/execute_inst/U318/Y (NAND2X2_HVT)              0.11       2.10 r
  cpu_inst/execute_inst/U649/Y (INVX1_HVT)                0.03       2.13 f
  cpu_inst/execute_inst/U128/Y (OA21X1_HVT)               0.09       2.21 f
  cpu_inst/execute_inst/U127/Y (XOR2X2_HVT)               0.13       2.34 r
  cpu_inst/execute_inst/alu_inst/mul_inst/mul00_inst/p_o_reg[22]/D (DFFX1_HVT)
                                                          0.00       2.34 r
  data arrival time                                                  2.34

  clock clk_i (rise edge)                                 2.00       2.00
  clock network delay (ideal)                             0.00       2.00
  cpu_inst/execute_inst/alu_inst/mul_inst/mul00_inst/p_o_reg[22]/CLK (DFFX1_HVT)
                                                          0.00       2.00 r
  library setup time                                     -0.09       1.91
  data required time                                                 1.91
  --------------------------------------------------------------------------
  data required time                                                 1.91
  data arrival time                                                 -2.34
  --------------------------------------------------------------------------
  slack (VIOLATED)                                                  -0.43


1
# 아래로, 어떤 module을 분석할 것인지 개별 설정 가능
# set current_design PE.v
report_area > $final_reports_dir/area.txt
sh cat $final_reports_dir/area.txt
 
****************************************
Report : area
Design : lxp32c_top
Version: N-2017.09-SP3
Date   : Sun Nov 28 22:25:00 2021
****************************************

Library(s) Used:

    saed32hvt_ss0p95v125c (File: /home/espanol/libraries/PDKS/SAED32_EDK_12162019/lib/stdcell_hvt/db_nldm/saed32hvt_ss0p95v125c.db)
    saed32sram_ss0p95v125c (File: /home/espanol/libraries/PDKS/SAED32_EDK_12162019/lib/sram/db_nldm/saed32sram_ss0p95v125c.db)

Number of ports:                          652
Number of nets:                         54146
Number of cells:                        53012
Number of combinational cells:          35576
Number of sequential cells:             17431
Number of macros/black boxes:               2
Number of buf/inv:                       2251
Number of references:                      53

Combinational area:             101619.988366
Buf/Inv area:                     4560.105879
Noncombinational area:          115110.208128
Macro/Black Box area:            37986.582031
Net Interconnect area:          138618.133706

Total cell area:                254716.778525
Total area:                     393334.912232
1
report_power > $final_reports_dir/power.txt
sh cat $final_reports_dir/power.txt
 
****************************************
Report : power
        -analysis_effort low
Design : lxp32c_top
Version: N-2017.09-SP3
Date   : Sun Nov 28 22:25:00 2021
****************************************


Library(s) Used:

    saed32hvt_ss0p95v125c (File: /home/espanol/libraries/PDKS/SAED32_EDK_12162019/lib/stdcell_hvt/db_nldm/saed32hvt_ss0p95v125c.db)
    saed32sram_ss0p95v125c (File: /home/espanol/libraries/PDKS/SAED32_EDK_12162019/lib/sram/db_nldm/saed32sram_ss0p95v125c.db)


Operating Conditions: ss0p95v125c   Library: saed32sram_ss0p95v125c
Wire Load Model Mode: enclosed

Design        Wire Load Model            Library
------------------------------------------------
lxp32c_top             280000            saed32sram_ss0p95v125c
lxp32_execute_0_1_dsp  16000             saed32sram_ss0p95v125c
lxp32_ram256x32_1      140000            saed32sram_ss0p95v125c
lxp32_ram256x32_0      140000            saed32sram_ss0p95v125c


Global Operating Voltage = 0.95 
Power-specific unit information :
    Voltage Units = 1V
    Capacitance Units = 1.000000ff
    Time Units = 1ns
    Dynamic Power Units = 1uW    (derived from V,C,T units)
    Leakage Power Units = 1pW


  Cell Internal Power  =  49.2951 mW  (100%)
  Net Switching Power  =  53.8257 uW    (0%)
                         ---------
Total Dynamic Power    =  49.3489 mW  (100%)

Cell Leakage Power     =   3.6883 mW


                 Internal         Switching           Leakage            Total
Power Group      Power            Power               Power              Power   (   %    )  Attrs
--------------------------------------------------------------------------------------------------
io_pad             0.0000            0.0000            0.0000            0.0000  (   0.00%)
memory           693.7501            0.7568            0.0000          694.5070  (   1.31%)
black_box          0.0000            0.0000            0.0000            0.0000  (   0.00%)
clock_network      0.0000            0.0000            0.0000            0.0000  (   0.00%)
register       4.8551e+04            5.6437        2.2868e+09        5.0844e+04  (  95.85%)
sequential         0.0000            0.0000            0.0000            0.0000  (   0.00%)
combinational     56.2567           47.4254        1.4015e+09        1.5052e+03  (   2.84%)
--------------------------------------------------------------------------------------------------
Total          4.9301e+04 uW        53.8259 uW     3.6883e+09 pW     5.3043e+04 uW
1
# netlist
# write_file -f verilog -hier -output $outputs_dir/syn.v
# write_file -f ddc -hier -output $outputs_dir/syn.ddc
# sdf, sdc
write_sdf -version 1.0 $outputs_dir/syn.sdf
Information: Annotated 'cell' delays are assumed to include load delay. (UID-282)
Information: Writing timing information to file '/home/under_ksh/lxp32_project/dc/outputs/syn.sdf'. (WT-3)
1
write_sdc $outputs_dir/syn.sdc 
1
# flattened netlist
ungroup -all -flatten
1
write_file -f verilog -hier -output $outputs_dir/flat_syn.v
Writing verilog file '/home/under_ksh/lxp32_project/dc/outputs/flat_syn.v'.
Warning: Verilog 'assign' or 'tran' statements are written out. (VO-4)
1
write_file -f ddc -hier -output $outputs_dir/flat_syn.ddc
Writing ddc file '/home/under_ksh/lxp32_project/dc/outputs/flat_syn.ddc'.
1
1
Warning: Cannot use command line editor for terminal type 'xterm'.  (UI-74)
dc_shell> 
Thank you...
